app/build/intermediates/manifest_merge_blame_file/debug/manifest-merger-blame-debug-report.txt
1<?xml version="1.0" encoding="utf-8"?>
2<manifest xmlns:android="http://schemas.android.com/apk/res/android"
3    package="com.actionstudios.bounceup"
4    android:versionCode="2"
5    android:versionName="2.0.0" >
6
7    <uses-sdk
8        android:minSdkVersion="21"
8-->src\main\AndroidManifest.xml
9        android:targetSdkVersion="32" />
9-->src\main\AndroidManifest.xml
10
11    <supports-screens
11-->src\main\AndroidManifest.xml:76:5-79:39
12        android:anyDensity="true"
12-->src\main\AndroidManifest.xml:78:9-34
13        android:largeScreens="true"
13-->src\main\AndroidManifest.xml:76:23-50
14        android:normalScreens="true"
14-->src\main\AndroidManifest.xml:79:9-37
15        android:smallScreens="true" />
15-->src\main\AndroidManifest.xml:77:9-36
16
17    <!-- INMOBI -->
18    <!--
19	<uses-permission android:name="android.permission.READ_LOGS" />
20	<uses-permission android:name="android.permission.VIBRATE"/>
21	<uses-permission android:name="android.permission.CALL_PHONE" />
22	<uses-permission android:name="android.permission.READ_CALENDAR"/>
23	<uses-permission android:name="android.permission.WRITE_CALENDAR"/>
24	<uses-permission android:name="android.permission.RECORD_AUDIO"/>
25	<uses-permission android:name="android.permission.GET_TASKS" />
26	<uses-permission android:name="android.permission.ACCESS_FINE_LOCATION" />
27	<uses-permission android:name="com.google.android.gms.permission.ACTIVITY_RECOGNITION"/>
28    -->
29    <!-- INMOBI -->
30    <uses-permission android:name="android.permission.INTERNET" />
30-->src\main\AndroidManifest.xml:92:5-67
30-->src\main\AndroidManifest.xml:92:22-64
31    <uses-permission android:name="android.permission.ACCESS_NETWORK_STATE" />
31-->src\main\AndroidManifest.xml:94:5-79
31-->src\main\AndroidManifest.xml:94:22-76
32    <uses-permission android:name="android.permission.ACCESS_WIFI_STATE" />
32-->src\main\AndroidManifest.xml:95:5-75
32-->src\main\AndroidManifest.xml:95:22-73
33    <uses-permission android:name="android.permission.ACCESS_COARSE_LOCATION" />
33-->src\main\AndroidManifest.xml:96:5-81
33-->src\main\AndroidManifest.xml:96:22-78
34    <uses-permission android:name="android.permission.WRITE_EXTERNAL_STORAGE" />
34-->src\main\AndroidManifest.xml:97:5-81
34-->src\main\AndroidManifest.xml:97:22-78
35    <uses-permission android:name="com.google.android.gms.permission.AD_ID" /> <!-- Android package visibility setting -->
35-->[com.google.android.gms:play-services-ads-lite:21.0.0] AndroidManifest.xml:25:5-79
35-->[com.google.android.gms:play-services-ads-lite:21.0.0] AndroidManifest.xml:25:22-76
36    <queries>
36-->[com.google.android.gms:play-services-ads-lite:21.0.0] AndroidManifest.xml:28:5-44:15
37
38        <!-- For browser content -->
39        <intent>
39-->[com.google.android.gms:play-services-ads-lite:21.0.0] AndroidManifest.xml:31:9-37:18
40            <action android:name="android.intent.action.VIEW" />
40-->[com.google.android.gms:play-services-ads-lite:21.0.0] AndroidManifest.xml:32:13-65
40-->[com.google.android.gms:play-services-ads-lite:21.0.0] AndroidManifest.xml:32:21-62
41
42            <category android:name="android.intent.category.BROWSABLE" />
42-->[com.google.android.gms:play-services-ads-lite:21.0.0] AndroidManifest.xml:34:13-74
42-->[com.google.android.gms:play-services-ads-lite:21.0.0] AndroidManifest.xml:34:23-71
43
44            <data android:scheme="https" />
44-->[com.google.android.gms:play-services-ads-lite:21.0.0] AndroidManifest.xml:36:13-44
44-->[com.google.android.gms:play-services-ads-lite:21.0.0] AndroidManifest.xml:36:19-41
45        </intent>
46        <!-- End of browser content -->
47        <!-- For CustomTabsService -->
48        <intent>
48-->[com.google.android.gms:play-services-ads-lite:21.0.0] AndroidManifest.xml:40:9-42:18
49            <action android:name="android.support.customtabs.action.CustomTabsService" />
49-->[com.google.android.gms:play-services-ads-lite:21.0.0] AndroidManifest.xml:41:13-90
49-->[com.google.android.gms:play-services-ads-lite:21.0.0] AndroidManifest.xml:41:21-87
50        </intent>
51        <!-- End of CustomTabsService -->
52    </queries>
53
54    <uses-permission android:name="com.android.vending.BILLING" />
54-->[com.android.billingclient:billing:5.0.0] AndroidManifest.xml:10:5-67
54-->[com.android.billingclient:billing:5.0.0] AndroidManifest.xml:10:22-64
55    <uses-permission android:name="android.permission.WAKE_LOCK" />
55-->[com.google.android.gms:play-services-measurement-sdk-api:20.1.2] AndroidManifest.xml:25:5-68
55-->[com.google.android.gms:play-services-measurement-sdk-api:20.1.2] AndroidManifest.xml:25:22-65
56    <uses-permission android:name="android.permission.RECEIVE_BOOT_COMPLETED" />
56-->[androidx.work:work-runtime:2.7.0] AndroidManifest.xml:27:5-81
56-->[androidx.work:work-runtime:2.7.0] AndroidManifest.xml:27:22-78
57    <uses-permission android:name="android.permission.FOREGROUND_SERVICE" />
57-->[androidx.work:work-runtime:2.7.0] AndroidManifest.xml:28:5-77
57-->[androidx.work:work-runtime:2.7.0] AndroidManifest.xml:28:22-74
58
59    <application
59-->src\main\AndroidManifest.xml:7:5-74:19
60        android:name="androidx.multidex.MultiDexApplication"
60-->src\main\AndroidManifest.xml:10:9-61
61        android:allowBackup="true"
61-->src\main\AndroidManifest.xml:9:9-35
62        android:appComponentFactory="androidx.core.app.CoreComponentFactory"
62-->[androidx.core:core:1.6.0] AndroidManifest.xml:24:18-86
63        android:debuggable="true"
64        android:icon="@drawable/icon"
64-->src\main\AndroidManifest.xml:8:9-38
65        android:label="@string/app_name" >
65-->src\main\AndroidManifest.xml:7:18-50
66        <meta-data
66-->src\main\AndroidManifest.xml:12:9-13:69
67            android:name="com.google.android.gms.version"
67-->src\main\AndroidManifest.xml:12:20-65
68            android:value="@integer/google_play_services_version" />
68-->src\main\AndroidManifest.xml:13:13-66
69        <meta-data
69-->src\main\AndroidManifest.xml:14:9-15:46
70            android:name="com.google.android.gms.games.APP_ID"
70-->src\main\AndroidManifest.xml:14:20-70
71            android:value="@string/app_id" />
71-->src\main\AndroidManifest.xml:15:13-43
72
73        <activity
73-->src\main\AndroidManifest.xml:17:9-27:20
74            android:name="com.actionstudios.bounceup.PTPlayer"
74-->src\main\AndroidManifest.xml:17:19-43
75            android:configChanges="orientation"
75-->src\main\AndroidManifest.xml:21:13-48
76            android:exported="true"
76-->src\main\AndroidManifest.xml:22:13-36
77            android:label="@string/app_name"
77-->src\main\AndroidManifest.xml:18:13-45
78            android:screenOrientation="portrait"
78-->src\main\AndroidManifest.xml:19:13-49
79            android:theme="@android:style/Theme.NoTitleBar.Fullscreen" >
79-->src\main\AndroidManifest.xml:20:13-71
80            <intent-filter>
80-->src\main\AndroidManifest.xml:23:13-26:29
81                <action android:name="android.intent.action.MAIN" />
81-->src\main\AndroidManifest.xml:24:17-69
81-->src\main\AndroidManifest.xml:24:25-66
82
83                <category android:name="android.intent.category.LAUNCHER" />
83-->src\main\AndroidManifest.xml:25:17-77
83-->src\main\AndroidManifest.xml:25:27-74
84            </intent-filter>
85        </activity>
86
87        <!-- FACEBOOK SDK -->
88        <!--
89        <activity android:name="com.facebook.ads.InterstitialAdActivity"
90            android:configChanges="keyboardHidden|orientation"
91            android:screenOrientation="portrait"/>
92        -->
93        <!-- FACEBOOK SDK -->
94
95        <meta-data
95-->src\main\AndroidManifest.xml:36:9-37:51
96            android:name="com.google.android.gms.ads.APPLICATION_ID"
96-->src\main\AndroidManifest.xml:36:20-76
97            android:value="@string/admob_app_id" />
97-->src\main\AndroidManifest.xml:37:13-49
98
99        <activity
99-->src\main\AndroidManifest.xml:39:9-41:64
100            android:name="com.google.android.gms.ads.AdActivity"
100-->src\main\AndroidManifest.xml:39:19-71
101            android:configChanges="keyboard|keyboardHidden|orientation|screenLayout|uiMode|screenSize|smallestScreenSize"
101-->src\main\AndroidManifest.xml:40:13-122
102            android:exported="false"
102-->[com.google.android.gms:play-services-ads-lite:21.0.0] AndroidManifest.xml:52:13-37
103            android:theme="@android:style/Theme.Translucent" />
103-->src\main\AndroidManifest.xml:41:13-61
104
105        <!-- VUNGLE -->
106        <!--
107        <activity
108             android:name="com.vungle.publisher.FullScreenAdActivity"
109             android:configChanges="keyboardHidden|orientation|screenSize"
110             android:theme="@android:style/Theme.NoTitleBar.Fullscreen"/>
111        -->
112        <!-- VUNGLE -->
113
114
115        <!-- APPLOVIN SDK -->
116        <!--
117        <activity android:name="com.applovin.adview.AppLovinInterstitialActivity" />
118        <activity android:name="com.applovin.adview.AppLovinConfirmationActivity" />
119		<meta-data
120            android:name="applovin.sdk.key"
121            android:value="{{AppLovin_SDK_key}}" />
122        -->
123        <!-- APPLOVIN SDK -->
124
125
126        <!-- INMOBI -->
127        <!--
128	<activity android:name="com.inmobi.rendering.InMobiAdActivity"
129              android:configChanges="keyboardHidden|orientation|keyboard|smallestScreenSize|screenSize"
130              android:theme="@android:style/Theme.Translucent.NoTitleBar"
131              android:hardwareAccelerated="true" />
132        -->
133        <!-- INMOBI -->
134
135
136        <!-- CHARTBOOST -->
137        <!--
138		<activity android:name="com.chartboost.sdk.CBImpressionActivity"
139              android:excludeFromRecents="true"
140              android:hardwareAccelerated="true"
141              android:theme="@android:style/Theme.Translucent.NoTitleBar.Fullscreen"
142              android:configChanges="keyboardHidden|orientation|screenSize"/>
143        -->
144        <!-- CHARTBOOST -->
145        <uses-library
145-->src\main\AndroidManifest.xml:73:9-87
146            android:name="org.apache.http.legacy"
146-->src\main\AndroidManifest.xml:73:23-60
147            android:required="false" />
147-->src\main\AndroidManifest.xml:73:61-85
148
149        <activity
149-->[com.google.android.gms:play-services-auth:20.2.0] AndroidManifest.xml:23:9-27:75
150            android:name="com.google.android.gms.auth.api.signin.internal.SignInHubActivity"
150-->[com.google.android.gms:play-services-auth:20.2.0] AndroidManifest.xml:24:13-93
151            android:excludeFromRecents="true"
151-->[com.google.android.gms:play-services-auth:20.2.0] AndroidManifest.xml:25:13-46
152            android:exported="false"
152-->[com.google.android.gms:play-services-auth:20.2.0] AndroidManifest.xml:26:13-37
153            android:theme="@android:style/Theme.Translucent.NoTitleBar" />
153-->[com.google.android.gms:play-services-auth:20.2.0] AndroidManifest.xml:27:13-72
154        <!--
155            Service handling Google Sign-In user revocation. For apps that do not integrate with
156            Google Sign-In, this service will never be started.
157        -->
158        <service
158-->[com.google.android.gms:play-services-auth:20.2.0] AndroidManifest.xml:33:9-37:51
159            android:name="com.google.android.gms.auth.api.signin.RevocationBoundService"
159-->[com.google.android.gms:play-services-auth:20.2.0] AndroidManifest.xml:34:13-89
160            android:exported="true"
160-->[com.google.android.gms:play-services-auth:20.2.0] AndroidManifest.xml:35:13-36
161            android:permission="com.google.android.gms.auth.api.signin.permission.REVOCATION_NOTIFICATION"
161-->[com.google.android.gms:play-services-auth:20.2.0] AndroidManifest.xml:36:13-107
162            android:visibleToInstantApps="true" />
162-->[com.google.android.gms:play-services-auth:20.2.0] AndroidManifest.xml:37:13-48
163
164        <provider
164-->[com.google.android.gms:play-services-ads-lite:21.0.0] AndroidManifest.xml:55:9-59:39
165            android:name="com.google.android.gms.ads.MobileAdsInitProvider"
165-->[com.google.android.gms:play-services-ads-lite:21.0.0] AndroidManifest.xml:56:13-76
166            android:authorities="com.actionstudios.bounceup.mobileadsinitprovider"
166-->[com.google.android.gms:play-services-ads-lite:21.0.0] AndroidManifest.xml:57:13-73
167            android:exported="false"
167-->[com.google.android.gms:play-services-ads-lite:21.0.0] AndroidManifest.xml:58:13-37
168            android:initOrder="100" />
168-->[com.google.android.gms:play-services-ads-lite:21.0.0] AndroidManifest.xml:59:13-36
169
170        <service
170-->[com.google.android.gms:play-services-ads-lite:21.0.0] AndroidManifest.xml:61:9-64:40
171            android:name="com.google.android.gms.ads.AdService"
171-->[com.google.android.gms:play-services-ads-lite:21.0.0] AndroidManifest.xml:62:13-64
172            android:enabled="true"
172-->[com.google.android.gms:play-services-ads-lite:21.0.0] AndroidManifest.xml:63:13-35
173            android:exported="false" />
173-->[com.google.android.gms:play-services-ads-lite:21.0.0] AndroidManifest.xml:64:13-37
174
175        <meta-data
175-->[com.android.billingclient:billing:5.0.0] AndroidManifest.xml:13:9-15:37
176            android:name="com.google.android.play.billingclient.version"
176-->[com.android.billingclient:billing:5.0.0] AndroidManifest.xml:14:13-73
177            android:value="5.0.0" />
177-->[com.android.billingclient:billing:5.0.0] AndroidManifest.xml:15:13-34
178
179        <activity
179-->[com.android.billingclient:billing:5.0.0] AndroidManifest.xml:17:9-21:75
180            android:name="com.android.billingclient.api.ProxyBillingActivity"
180-->[com.android.billingclient:billing:5.0.0] AndroidManifest.xml:18:13-78
181            android:configChanges="keyboard|keyboardHidden|screenLayout|screenSize|orientation"
181-->[com.android.billingclient:billing:5.0.0] AndroidManifest.xml:19:13-96
182            android:exported="false"
182-->[com.android.billingclient:billing:5.0.0] AndroidManifest.xml:20:13-37
183            android:theme="@android:style/Theme.Translucent.NoTitleBar" />
183-->[com.android.billingclient:billing:5.0.0] AndroidManifest.xml:21:13-72
184        <activity
184-->[com.google.android.gms:play-services-base:18.0.1] AndroidManifest.xml:20:9-22:45
185            android:name="com.google.android.gms.common.api.GoogleApiActivity"
185-->[com.google.android.gms:play-services-base:18.0.1] AndroidManifest.xml:20:19-85
186            android:exported="false"
186-->[com.google.android.gms:play-services-base:18.0.1] AndroidManifest.xml:22:19-43
187            android:theme="@android:style/Theme.Translucent.NoTitleBar" />
187-->[com.google.android.gms:play-services-base:18.0.1] AndroidManifest.xml:21:19-78
188
189        <uses-library
189-->[androidx.window:window:1.0.0] AndroidManifest.xml:25:9-27:40
190            android:name="androidx.window.extensions"
190-->[androidx.window:window:1.0.0] AndroidManifest.xml:26:13-54
191            android:required="false" />
191-->[androidx.window:window:1.0.0] AndroidManifest.xml:27:13-37
192        <uses-library
192-->[androidx.window:window:1.0.0] AndroidManifest.xml:28:9-30:40
193            android:name="androidx.window.sidecar"
193-->[androidx.window:window:1.0.0] AndroidManifest.xml:29:13-51
194            android:required="false" />
194-->[androidx.window:window:1.0.0] AndroidManifest.xml:30:13-37
195
196        <provider
196-->[androidx.work:work-runtime:2.7.0] AndroidManifest.xml:31:9-39:20
197            android:name="androidx.startup.InitializationProvider"
197-->[androidx.work:work-runtime:2.7.0] AndroidManifest.xml:32:13-67
198            android:authorities="com.actionstudios.bounceup.androidx-startup"
198-->[androidx.work:work-runtime:2.7.0] AndroidManifest.xml:33:13-68
199            android:exported="false" >
199-->[androidx.work:work-runtime:2.7.0] AndroidManifest.xml:34:13-37
200            <meta-data
200-->[androidx.work:work-runtime:2.7.0] AndroidManifest.xml:36:13-38:52
201                android:name="androidx.work.WorkManagerInitializer"
201-->[androidx.work:work-runtime:2.7.0] AndroidManifest.xml:37:17-68
202                android:value="androidx.startup" />
202-->[androidx.work:work-runtime:2.7.0] AndroidManifest.xml:38:17-49
203        </provider>
204
205        <service
205-->[androidx.work:work-runtime:2.7.0] AndroidManifest.xml:41:9-46:35
206            android:name="androidx.work.impl.background.systemalarm.SystemAlarmService"
206-->[androidx.work:work-runtime:2.7.0] AndroidManifest.xml:42:13-88
207            android:directBootAware="false"
207-->[androidx.work:work-runtime:2.7.0] AndroidManifest.xml:43:13-44
208            android:enabled="@bool/enable_system_alarm_service_default"
208-->[androidx.work:work-runtime:2.7.0] AndroidManifest.xml:44:13-72
209            android:exported="false" />
209-->[androidx.work:work-runtime:2.7.0] AndroidManifest.xml:45:13-37
210        <service
210-->[androidx.work:work-runtime:2.7.0] AndroidManifest.xml:47:9-53:35
211            android:name="androidx.work.impl.background.systemjob.SystemJobService"
211-->[androidx.work:work-runtime:2.7.0] AndroidManifest.xml:48:13-84
212            android:directBootAware="false"
212-->[androidx.work:work-runtime:2.7.0] AndroidManifest.xml:49:13-44
213            android:enabled="@bool/enable_system_job_service_default"
213-->[androidx.work:work-runtime:2.7.0] AndroidManifest.xml:50:13-70
214            android:exported="true"
214-->[androidx.work:work-runtime:2.7.0] AndroidManifest.xml:51:13-36
215            android:permission="android.permission.BIND_JOB_SERVICE" />
215-->[androidx.work:work-runtime:2.7.0] AndroidManifest.xml:52:13-69
216        <service
216-->[androidx.work:work-runtime:2.7.0] AndroidManifest.xml:54:9-59:35
217            android:name="androidx.work.impl.foreground.SystemForegroundService"
217-->[androidx.work:work-runtime:2.7.0] AndroidManifest.xml:55:13-81
218            android:directBootAware="false"
218-->[androidx.work:work-runtime:2.7.0] AndroidManifest.xml:56:13-44
219            android:enabled="@bool/enable_system_foreground_service_default"
219-->[androidx.work:work-runtime:2.7.0] AndroidManifest.xml:57:13-77
220            android:exported="false" />
220-->[androidx.work:work-runtime:2.7.0] AndroidManifest.xml:58:13-37
221
222        <receiver
222-->[androidx.work:work-runtime:2.7.0] AndroidManifest.xml:61:9-66:35
223            android:name="androidx.work.impl.utils.ForceStopRunnable$BroadcastReceiver"
223-->[androidx.work:work-runtime:2.7.0] AndroidManifest.xml:62:13-88
224            android:directBootAware="false"
224-->[androidx.work:work-runtime:2.7.0] AndroidManifest.xml:63:13-44
225            android:enabled="true"
225-->[androidx.work:work-runtime:2.7.0] AndroidManifest.xml:64:13-35
226            android:exported="false" />
226-->[androidx.work:work-runtime:2.7.0] AndroidManifest.xml:65:13-37
227        <receiver
227-->[androidx.work:work-runtime:2.7.0] AndroidManifest.xml:67:9-77:20
228            android:name="androidx.work.impl.background.systemalarm.ConstraintProxy$BatteryChargingProxy"
228-->[androidx.work:work-runtime:2.7.0] AndroidManifest.xml:68:13-106
229            android:directBootAware="false"
229-->[androidx.work:work-runtime:2.7.0] AndroidManifest.xml:69:13-44
230            android:enabled="false"
230-->[androidx.work:work-runtime:2.7.0] AndroidManifest.xml:70:13-36
231            android:exported="false" >
231-->[androidx.work:work-runtime:2.7.0] AndroidManifest.xml:71:13-37
232            <intent-filter>
232-->[androidx.work:work-runtime:2.7.0] AndroidManifest.xml:73:13-76:29
233                <action android:name="android.intent.action.ACTION_POWER_CONNECTED" />
233-->[androidx.work:work-runtime:2.7.0] AndroidManifest.xml:74:17-87
233-->[androidx.work:work-runtime:2.7.0] AndroidManifest.xml:74:25-84
234                <action android:name="android.intent.action.ACTION_POWER_DISCONNECTED" />
234-->[androidx.work:work-runtime:2.7.0] AndroidManifest.xml:75:17-90
234-->[androidx.work:work-runtime:2.7.0] AndroidManifest.xml:75:25-87
235            </intent-filter>
236        </receiver>
237        <receiver
237-->[androidx.work:work-runtime:2.7.0] AndroidManifest.xml:78:9-88:20
238            android:name="androidx.work.impl.background.systemalarm.ConstraintProxy$BatteryNotLowProxy"
238-->[androidx.work:work-runtime:2.7.0] AndroidManifest.xml:79:13-104
239            android:directBootAware="false"
239-->[androidx.work:work-runtime:2.7.0] AndroidManifest.xml:80:13-44
240            android:enabled="false"
240-->[androidx.work:work-runtime:2.7.0] AndroidManifest.xml:81:13-36
241            android:exported="false" >
241-->[androidx.work:work-runtime:2.7.0] AndroidManifest.xml:82:13-37
242            <intent-filter>
242-->[androidx.work:work-runtime:2.7.0] AndroidManifest.xml:84:13-87:29
243                <action android:name="android.intent.action.BATTERY_OKAY" />
243-->[androidx.work:work-runtime:2.7.0] AndroidManifest.xml:85:17-77
243-->[androidx.work:work-runtime:2.7.0] AndroidManifest.xml:85:25-74
244                <action android:name="android.intent.action.BATTERY_LOW" />
244-->[androidx.work:work-runtime:2.7.0] AndroidManifest.xml:86:17-76
244-->[androidx.work:work-runtime:2.7.0] AndroidManifest.xml:86:25-73
245            </intent-filter>
246        </receiver>
247        <receiver
247-->[androidx.work:work-runtime:2.7.0] AndroidManifest.xml:89:9-99:20
248            android:name="androidx.work.impl.background.systemalarm.ConstraintProxy$StorageNotLowProxy"
248-->[androidx.work:work-runtime:2.7.0] AndroidManifest.xml:90:13-104
249            android:directBootAware="false"
249-->[androidx.work:work-runtime:2.7.0] AndroidManifest.xml:91:13-44
250            android:enabled="false"
250-->[androidx.work:work-runtime:2.7.0] AndroidManifest.xml:92:13-36
251            android:exported="false" >
251-->[androidx.work:work-runtime:2.7.0] AndroidManifest.xml:93:13-37
252            <intent-filter>
252-->[androidx.work:work-runtime:2.7.0] AndroidManifest.xml:95:13-98:29
253                <action android:name="android.intent.action.DEVICE_STORAGE_LOW" />
253-->[androidx.work:work-runtime:2.7.0] AndroidManifest.xml:96:17-83
253-->[androidx.work:work-runtime:2.7.0] AndroidManifest.xml:96:25-80
254                <action android:name="android.intent.action.DEVICE_STORAGE_OK" />
254-->[androidx.work:work-runtime:2.7.0] AndroidManifest.xml:97:17-82
254-->[androidx.work:work-runtime:2.7.0] AndroidManifest.xml:97:25-79
255            </intent-filter>
256        </receiver>
257        <receiver
257-->[androidx.work:work-runtime:2.7.0] AndroidManifest.xml:100:9-109:20
258            android:name="androidx.work.impl.background.systemalarm.ConstraintProxy$NetworkStateProxy"
258-->[androidx.work:work-runtime:2.7.0] AndroidManifest.xml:101:13-103
259            android:directBootAware="false"
259-->[androidx.work:work-runtime:2.7.0] AndroidManifest.xml:102:13-44
260            android:enabled="false"
260-->[androidx.work:work-runtime:2.7.0] AndroidManifest.xml:103:13-36
261            android:exported="false" >
261-->[androidx.work:work-runtime:2.7.0] AndroidManifest.xml:104:13-37
262            <intent-filter>
262-->[androidx.work:work-runtime:2.7.0] AndroidManifest.xml:106:13-108:29
263                <action android:name="android.net.conn.CONNECTIVITY_CHANGE" />
263-->[androidx.work:work-runtime:2.7.0] AndroidManifest.xml:107:17-79
263-->[androidx.work:work-runtime:2.7.0] AndroidManifest.xml:107:25-76
264            </intent-filter>
265        </receiver>
266        <receiver
266-->[androidx.work:work-runtime:2.7.0] AndroidManifest.xml:110:9-121:20
267            android:name="androidx.work.impl.background.systemalarm.RescheduleReceiver"
267-->[androidx.work:work-runtime:2.7.0] AndroidManifest.xml:111:13-88
268            android:directBootAware="false"
268-->[androidx.work:work-runtime:2.7.0] AndroidManifest.xml:112:13-44
269            android:enabled="false"
269-->[androidx.work:work-runtime:2.7.0] AndroidManifest.xml:113:13-36
270            android:exported="false" >
270-->[androidx.work:work-runtime:2.7.0] AndroidManifest.xml:114:13-37
271            <intent-filter>
271-->[androidx.work:work-runtime:2.7.0] AndroidManifest.xml:116:13-120:29
272                <action android:name="android.intent.action.BOOT_COMPLETED" />
272-->[androidx.work:work-runtime:2.7.0] AndroidManifest.xml:117:17-79
272-->[androidx.work:work-runtime:2.7.0] AndroidManifest.xml:117:25-76
273                <action android:name="android.intent.action.TIME_SET" />
273-->[androidx.work:work-runtime:2.7.0] AndroidManifest.xml:118:17-73
273-->[androidx.work:work-runtime:2.7.0] AndroidManifest.xml:118:25-70
274                <action android:name="android.intent.action.TIMEZONE_CHANGED" />
274-->[androidx.work:work-runtime:2.7.0] AndroidManifest.xml:119:17-81
274-->[androidx.work:work-runtime:2.7.0] AndroidManifest.xml:119:25-78
275            </intent-filter>
276        </receiver>
277        <receiver
277-->[androidx.work:work-runtime:2.7.0] AndroidManifest.xml:122:9-131:20
278            android:name="androidx.work.impl.background.systemalarm.ConstraintProxyUpdateReceiver"
278-->[androidx.work:work-runtime:2.7.0] AndroidManifest.xml:123:13-99
279            android:directBootAware="false"
279-->[androidx.work:work-runtime:2.7.0] AndroidManifest.xml:124:13-44
280            android:enabled="@bool/enable_system_alarm_service_default"
280-->[androidx.work:work-runtime:2.7.0] AndroidManifest.xml:125:13-72
281            android:exported="false" >
281-->[androidx.work:work-runtime:2.7.0] AndroidManifest.xml:126:13-37
282            <intent-filter>
282-->[androidx.work:work-runtime:2.7.0] AndroidManifest.xml:128:13-130:29
283                <action android:name="androidx.work.impl.background.systemalarm.UpdateProxies" />
283-->[androidx.work:work-runtime:2.7.0] AndroidManifest.xml:129:17-98
283-->[androidx.work:work-runtime:2.7.0] AndroidManifest.xml:129:25-95
284            </intent-filter>
285        </receiver>
286        <receiver
286-->[androidx.work:work-runtime:2.7.0] AndroidManifest.xml:132:9-142:20
287            android:name="androidx.work.impl.diagnostics.DiagnosticsReceiver"
287-->[androidx.work:work-runtime:2.7.0] AndroidManifest.xml:133:13-78
288            android:directBootAware="false"
288-->[androidx.work:work-runtime:2.7.0] AndroidManifest.xml:134:13-44
289            android:enabled="true"
289-->[androidx.work:work-runtime:2.7.0] AndroidManifest.xml:135:13-35
290            android:exported="true"
290-->[androidx.work:work-runtime:2.7.0] AndroidManifest.xml:136:13-36
291            android:permission="android.permission.DUMP" >
291-->[androidx.work:work-runtime:2.7.0] AndroidManifest.xml:137:13-57
292            <intent-filter>
292-->[androidx.work:work-runtime:2.7.0] AndroidManifest.xml:139:13-141:29
293                <action android:name="androidx.work.diagnostics.REQUEST_DIAGNOSTICS" />
293-->[androidx.work:work-runtime:2.7.0] AndroidManifest.xml:140:17-88
293-->[androidx.work:work-runtime:2.7.0] AndroidManifest.xml:140:25-85
294            </intent-filter>
295        </receiver>
296
297        <service
297-->[androidx.room:room-runtime:2.2.5] AndroidManifest.xml:25:9-28:40
298            android:name="androidx.room.MultiInstanceInvalidationService"
298-->[androidx.room:room-runtime:2.2.5] AndroidManifest.xml:26:13-74
299            android:directBootAware="true"
299-->[androidx.room:room-runtime:2.2.5] AndroidManifest.xml:27:13-43
300            android:exported="false" />
300-->[androidx.room:room-runtime:2.2.5] AndroidManifest.xml:28:13-37
301    </application>
302
303</manifest>